# JRE version: OpenJDK Runtime Environment (17.0.9) (build 17.0.9+0--11185874)
# Java VM: OpenJDK 64-Bit Server VM (17.0.9+0--11185874, mixed mode, tiered, compressed oops, compressed class ptrs, g1 gc, windows-amd64)
GC Precious Log:
 CPUs: 4 total, 4 available
 Memory: 8075M
 Large Page Support: Disabled
 NUMA Support: Disabled
 Compressed Oops: Enabled (Zero based)
 Heap Region Size: 2M
 Heap Min Capacity: 8M
 Heap Initial Capacity: 128M
 Heap Max Capacity: 4G
 Pre-touch: Disabled
 Parallel Workers: 4
 Concurrent Workers: 1
 Concurrent Refinement Workers: 4
 Periodic GC: Disabled
Heap:
 garbage-first heap   total 571392K, used 335105K [0x0000000700000000, 0x0000000800000000)
  region size 2048K, 10 young (20480K), 10 survivors (20480K)
 Metaspace       used 196172K, committed 197568K, reserved 1245184K
  class space    used 25532K, committed 26176K, reserved 1048576K
GC Heap History (20 events):
Event: 171.887 GC heap after
{Heap after GC invocations=87 (full 0):
 garbage-first heap   total 374784K, used 202271K [0x0000000700000000, 0x0000000800000000)
  region size 2048K, 9 young (18432K), 9 survivors (18432K)
 Metaspace       used 160886K, committed 162112K, reserved 1245184K
  class space    used 20761K, committed 21312K, reserved 1048576K
}
Event: 172.933 GC heap before
{Heap before GC invocations=87 (full 0):
 garbage-first heap   total 374784K, used 306719K [0x0000000700000000, 0x0000000800000000)
  region size 2048K, 61 young (124928K), 9 survivors (18432K)
 Metaspace       used 168429K, committed 169728K, reserved 1245184K
  class space    used 21611K, committed 22208K, reserved 1048576K
}
Event: 172.974 GC heap after
{Heap after GC invocations=88 (full 0):
 garbage-first heap   total 374784K, used 219796K [0x0000000700000000, 0x0000000800000000)
  region size 2048K, 8 young (16384K), 8 survivors (16384K)
 Metaspace       used 168429K, committed 169728K, reserved 1245184K
  class space    used 21611K, committed 22208K, reserved 1048576K
}
Event: 173.978 GC heap before
{Heap before GC invocations=88 (full 0):
 garbage-first heap   total 374784K, used 301716K [0x0000000700000000, 0x0000000800000000)
  region size 2048K, 49 young (100352K), 8 survivors (16384K)
 Metaspace       used 170113K, committed 171456K, reserved 1245184K
  class space    used 21792K, committed 22400K, reserved 1048576K
}
Event: 174.014 GC heap after
{Heap after GC invocations=89 (full 0):
 garbage-first heap   total 374784K, used 238888K [0x0000000700000000, 0x0000000800000000)
  region size 2048K, 7 young (14336K), 7 survivors (14336K)
 Metaspace       used 170113K, committed 171456K, reserved 1245184K
  class space    used 21792K, committed 22400K, reserved 1048576K
}
Event: 174.497 GC heap before
{Heap before GC invocations=89 (full 0):
 garbage-first heap   total 374784K, used 302376K [0x0000000700000000, 0x0000000800000000)
  region size 2048K, 39 young (79872K), 7 survivors (14336K)
 Metaspace       used 171790K, committed 173120K, reserved 1245184K
  class space    used 21981K, committed 22592K, reserved 1048576K
}
Event: 174.526 GC heap after
{Heap after GC invocations=90 (full 0):
 garbage-first heap   total 450560K, used 253952K [0x0000000700000000, 0x0000000800000000)
  region size 2048K, 5 young (10240K), 5 survivors (10240K)
 Metaspace       used 171790K, committed 173120K, reserved 1245184K
  class space    used 21981K, committed 22592K, reserved 1048576K
}
Event: 175.655 GC heap before
{Heap before GC invocations=90 (full 0):
 garbage-first heap   total 450560K, used 356352K [0x0000000700000000, 0x0000000800000000)
  region size 2048K, 56 young (114688K), 5 survivors (10240K)
 Metaspace       used 173437K, committed 174720K, reserved 1245184K
  class space    used 22239K, committed 22848K, reserved 1048576K
}
Event: 175.684 GC heap after
{Heap after GC invocations=91 (full 0):
 garbage-first heap   total 450560K, used 276188K [0x0000000700000000, 0x0000000800000000)
  region size 2048K, 7 young (14336K), 7 survivors (14336K)
 Metaspace       used 173437K, committed 174720K, reserved 1245184K
  class space    used 22239K, committed 22848K, reserved 1048576K
}
Event: 176.085 GC heap before
{Heap before GC invocations=91 (full 0):
 garbage-first heap   total 450560K, used 362204K [0x0000000700000000, 0x0000000800000000)
  region size 2048K, 49 young (100352K), 7 survivors (14336K)
 Metaspace       used 175319K, committed 176704K, reserved 1245184K
  class space    used 22388K, committed 23040K, reserved 1048576K
}
Event: 176.115 GC heap after
{Heap after GC invocations=92 (full 0):
 garbage-first heap   total 450560K, used 293722K [0x0000000700000000, 0x0000000800000000)
  region size 2048K, 7 young (14336K), 7 survivors (14336K)
 Metaspace       used 175319K, committed 176704K, reserved 1245184K
  class space    used 22388K, committed 23040K, reserved 1048576K
}
Event: 177.803 GC heap before
{Heap before GC invocations=92 (full 0):
 garbage-first heap   total 450560K, used 377690K [0x0000000700000000, 0x0000000800000000)
  region size 2048K, 43 young (88064K), 7 survivors (14336K)
 Metaspace       used 181875K, committed 183232K, reserved 1245184K
  class space    used 23530K, committed 24192K, reserved 1048576K
}
Event: 177.827 GC heap after
{Heap after GC invocations=93 (full 0):
 garbage-first heap   total 450560K, used 311991K [0x0000000700000000, 0x0000000800000000)
  region size 2048K, 4 young (8192K), 4 survivors (8192K)
 Metaspace       used 181875K, committed 183232K, reserved 1245184K
  class space    used 23530K, committed 24192K, reserved 1048576K
}
Event: 178.661 GC heap before
{Heap before GC invocations=93 (full 0):
 garbage-first heap   total 450560K, used 375479K [0x0000000700000000, 0x0000000800000000)
  region size 2048K, 35 young (71680K), 4 survivors (8192K)
 Metaspace       used 182837K, committed 184128K, reserved 1245184K
  class space    used 23651K, committed 24256K, reserved 1048576K
}
Event: 178.671 GC heap after
{Heap after GC invocations=94 (full 0):
 garbage-first heap   total 450560K, used 314445K [0x0000000700000000, 0x0000000800000000)
  region size 2048K, 2 young (4096K), 2 survivors (4096K)
 Metaspace       used 182837K, committed 184128K, reserved 1245184K
  class space    used 23651K, committed 24256K, reserved 1048576K
}
Event: 180.292 GC heap before
{Heap before GC invocations=95 (full 0):
 garbage-first heap   total 571392K, used 375885K [0x0000000700000000, 0x0000000800000000)
  region size 2048K, 34 young (69632K), 2 survivors (4096K)
 Metaspace       used 190297K, committed 191680K, reserved 1245184K
  class space    used 24817K, committed 25472K, reserved 1048576K
}
Event: 180.306 GC heap after
{Heap after GC invocations=96 (full 0):
 garbage-first heap   total 571392K, used 318458K [0x0000000700000000, 0x0000000800000000)
  region size 2048K, 5 young (10240K), 5 survivors (10240K)
 Metaspace       used 190297K, committed 191680K, reserved 1245184K
  class space    used 24817K, committed 25472K, reserved 1048576K
}
Event: 180.508 GC heap before
{Heap before GC invocations=96 (full 0):
 garbage-first heap   total 571392K, used 332794K [0x0000000700000000, 0x0000000800000000)
  region size 2048K, 13 young (26624K), 5 survivors (10240K)
 Metaspace       used 191115K, committed 192512K, reserved 1245184K
  class space    used 24896K, committed 25536K, reserved 1048576K
}
Event: 180.518 GC heap after
{Heap after GC invocations=97 (full 0):
 garbage-first heap   total 571392K, used 318265K [0x0000000700000000, 0x0000000800000000)
  region size 2048K, 2 young (4096K), 2 survivors (4096K)
 Metaspace       used 191115K, committed 192512K, reserved 1245184K
  class space    used 24896K, committed 25536K, reserved 1048576K
}
Event: 184.297 GC heap before
{Heap before GC invocations=97 (full 0):
 garbage-first heap   total 571392K, used 463673K [0x0000000700000000, 0x0000000800000000)
  region size 2048K, 73 young (149504K), 2 survivors (4096K)
 Metaspace       used 196172K, committed 197568K, reserved 1245184K
  class space    used 25532K, committed 26176K, reserved 1048576K
}

