# JRE version: OpenJDK Runtime Environment (17.0.9) (build 17.0.9+0--11185874)
# Java VM: OpenJDK 64-Bit Server VM (17.0.9+0--11185874, mixed mode, tiered, compressed oops, compressed class ptrs, g1 gc, windows-amd64)
GC Precious Log:
 CPUs: 4 total, 4 available
 Memory: 8075M
 Large Page Support: Disabled
 NUMA Support: Disabled
 Compressed Oops: Enabled (Zero based)
 Heap Region Size: 2M
 Heap Min Capacity: 8M
 Heap Initial Capacity: 128M
 Heap Max Capacity: 4G
 Pre-touch: Disabled
 Parallel Workers: 4
 Concurrent Workers: 1
 Concurrent Refinement Workers: 4
 Periodic GC: Disabled
Heap:
 garbage-first heap   total 901120K, used 324813K [0x0000000700000000, 0x0000000800000000)
  region size 2048K, 3 young (6144K), 3 survivors (6144K)
 Metaspace       used 162620K, committed 164288K, reserved 1245184K
  class space    used 21832K, committed 22592K, reserved 1048576K
GC Heap History (20 events):
Event: 1040.981 GC heap after
{Heap after GC invocations=89 (full 0):
 garbage-first heap   total 901120K, used 331298K [0x0000000700000000, 0x0000000800000000)
  region size 2048K, 11 young (22528K), 11 survivors (22528K)
 Metaspace       used 160197K, committed 161728K, reserved 1245184K
  class space    used 21624K, committed 22336K, reserved 1048576K
}
Event: 1042.165 GC heap before
{Heap before GC invocations=89 (full 0):
 garbage-first heap   total 901120K, used 419362K [0x0000000700000000, 0x0000000800000000)
  region size 2048K, 21 young (43008K), 11 survivors (22528K)
 Metaspace       used 160628K, committed 162112K, reserved 1245184K
  class space    used 21670K, committed 22336K, reserved 1048576K
}
Event: 1042.184 GC heap after
{Heap after GC invocations=90 (full 0):
 garbage-first heap   total 901120K, used 349730K [0x0000000700000000, 0x0000000800000000)
  region size 2048K, 13 young (26624K), 13 survivors (26624K)
 Metaspace       used 160628K, committed 162112K, reserved 1245184K
  class space    used 21670K, committed 22336K, reserved 1048576K
}
Event: 1751.874 GC heap before
{Heap before GC invocations=91 (full 0):
 garbage-first heap   total 901120K, used 810529K [0x0000000700000000, 0x0000000800000000)
  region size 2048K, 215 young (440320K), 13 survivors (26624K)
 Metaspace       used 162483K, committed 164096K, reserved 1245184K
  class space    used 21850K, committed 22592K, reserved 1048576K
}
Event: 1751.970 GC heap after
{Heap after GC invocations=92 (full 0):
 garbage-first heap   total 901120K, used 354976K [0x0000000700000000, 0x0000000800000000)
  region size 2048K, 27 young (55296K), 27 survivors (55296K)
 Metaspace       used 162483K, committed 164096K, reserved 1245184K
  class space    used 21850K, committed 22592K, reserved 1048576K
}
Event: 1752.007 GC heap before
{Heap before GC invocations=92 (full 0):
 garbage-first heap   total 901120K, used 354976K [0x0000000700000000, 0x0000000800000000)
  region size 2048K, 28 young (57344K), 27 survivors (55296K)
 Metaspace       used 162483K, committed 164096K, reserved 1245184K
  class space    used 21850K, committed 22592K, reserved 1048576K
}
Event: 1752.070 GC heap after
{Heap after GC invocations=93 (full 0):
 garbage-first heap   total 901120K, used 321195K [0x0000000700000000, 0x0000000800000000)
  region size 2048K, 1 young (2048K), 1 survivors (2048K)
 Metaspace       used 162483K, committed 164096K, reserved 1245184K
  class space    used 21850K, committed 22592K, reserved 1048576K
}
Event: 1752.166 GC heap before
{Heap before GC invocations=93 (full 0):
 garbage-first heap   total 901120K, used 325291K [0x0000000700000000, 0x0000000800000000)
  region size 2048K, 4 young (8192K), 1 survivors (2048K)
 Metaspace       used 162483K, committed 164096K, reserved 1245184K
  class space    used 21850K, committed 22592K, reserved 1048576K
}
Event: 1752.169 GC heap after
{Heap after GC invocations=94 (full 0):
 garbage-first heap   total 901120K, used 321195K [0x0000000700000000, 0x0000000800000000)
  region size 2048K, 1 young (2048K), 1 survivors (2048K)
 Metaspace       used 162483K, committed 164096K, reserved 1245184K
  class space    used 21850K, committed 22592K, reserved 1048576K
}
Event: 1753.812 GC heap before
{Heap before GC invocations=95 (full 0):
 garbage-first heap   total 901120K, used 702123K [0x0000000700000000, 0x0000000800000000)
  region size 2048K, 196 young (401408K), 1 survivors (2048K)
 Metaspace       used 162437K, committed 164224K, reserved 1245184K
  class space    used 21831K, committed 22592K, reserved 1048576K
}
Event: 1753.921 GC heap after
{Heap after GC invocations=96 (full 0):
 garbage-first heap   total 901120K, used 384711K [0x0000000700000000, 0x0000000800000000)
  region size 2048K, 25 young (51200K), 25 survivors (51200K)
 Metaspace       used 162437K, committed 164224K, reserved 1245184K
  class space    used 21831K, committed 22592K, reserved 1048576K
}
Event: 1753.940 GC heap before
{Heap before GC invocations=96 (full 0):
 garbage-first heap   total 901120K, used 386759K [0x0000000700000000, 0x0000000800000000)
  region size 2048K, 26 young (53248K), 25 survivors (51200K)
 Metaspace       used 162437K, committed 164224K, reserved 1245184K
  class space    used 21831K, committed 22592K, reserved 1048576K
}
Event: 1754.010 GC heap after
{Heap after GC invocations=97 (full 0):
 garbage-first heap   total 901120K, used 310272K [0x0000000700000000, 0x0000000800000000)
  region size 2048K, 2 young (4096K), 2 survivors (4096K)
 Metaspace       used 162437K, committed 164224K, reserved 1245184K
  class space    used 21831K, committed 22592K, reserved 1048576K
}
Event: 1756.476 GC heap before
{Heap before GC invocations=97 (full 0):
 garbage-first heap   total 901120K, used 680960K [0x0000000700000000, 0x0000000800000000)
  region size 2048K, 183 young (374784K), 2 survivors (4096K)
 Metaspace       used 162511K, committed 164224K, reserved 1245184K
  class space    used 21832K, committed 22592K, reserved 1048576K
}
Event: 1756.524 GC heap after
{Heap after GC invocations=98 (full 0):
 garbage-first heap   total 901120K, used 338352K [0x0000000700000000, 0x0000000800000000)
  region size 2048K, 16 young (32768K), 16 survivors (32768K)
 Metaspace       used 162511K, committed 164224K, reserved 1245184K
  class space    used 21832K, committed 22592K, reserved 1048576K
}
Event: 1758.626 GC heap before
{Heap before GC invocations=99 (full 0):
 garbage-first heap   total 901120K, used 692656K [0x0000000700000000, 0x0000000800000000)
  region size 2048K, 190 young (389120K), 16 survivors (32768K)
 Metaspace       used 162593K, committed 164288K, reserved 1245184K
  class space    used 21832K, committed 22592K, reserved 1048576K
}
Event: 1758.672 GC heap after
{Heap after GC invocations=100 (full 0):
 garbage-first heap   total 901120K, used 333372K [0x0000000700000000, 0x0000000800000000)
  region size 2048K, 3 young (6144K), 3 survivors (6144K)
 Metaspace       used 162593K, committed 164288K, reserved 1245184K
  class space    used 21832K, committed 22592K, reserved 1048576K
}
Event: 1758.964 GC heap before
{Heap before GC invocations=100 (full 0):
 garbage-first heap   total 901120K, used 372284K [0x0000000700000000, 0x0000000800000000)
  region size 2048K, 22 young (45056K), 3 survivors (6144K)
 Metaspace       used 162594K, committed 164288K, reserved 1245184K
  class space    used 21832K, committed 22592K, reserved 1048576K
}
Event: 1758.991 GC heap after
{Heap after GC invocations=101 (full 0):
 garbage-first heap   total 901120K, used 324305K [0x0000000700000000, 0x0000000800000000)
  region size 2048K, 2 young (4096K), 2 survivors (4096K)
 Metaspace       used 162594K, committed 164288K, reserved 1245184K
  class space    used 21832K, committed 22592K, reserved 1048576K
}
Event: 1760.279 GC heap before
{Heap before GC invocations=101 (full 0):
 garbage-first heap   total 901120K, used 711377K [0x0000000700000000, 0x0000000800000000)
  region size 2048K, 191 young (391168K), 2 survivors (4096K)
 Metaspace       used 162620K, committed 164288K, reserved 1245184K
  class space    used 21832K, committed 22592K, reserved 1048576K
}

