# JRE version: OpenJDK Runtime Environment (17.0.9) (build 17.0.9+0--11185874)
# Java VM: OpenJDK 64-Bit Server VM (17.0.9+0--11185874, mixed mode, tiered, compressed oops, compressed class ptrs, g1 gc, windows-amd64)
GC Precious Log:
 CPUs: 4 total, 4 available
 Memory: 8075M
 Large Page Support: Disabled
 NUMA Support: Disabled
 Compressed Oops: Enabled (Zero based)
 Heap Region Size: 2M
 Heap Min Capacity: 8M
 Heap Initial Capacity: 128M
 Heap Max Capacity: 4G
 Pre-touch: Disabled
 Parallel Workers: 4
 Concurrent Workers: 1
 Concurrent Refinement Workers: 4
 Periodic GC: Disabled
Heap:
 garbage-first heap   total 614400K, used 296702K [0x0000000700000000, 0x0000000800000000)
  region size 2048K, 87 young (178176K), 15 survivors (30720K)
 Metaspace       used 120444K, committed 121472K, reserved 1179648K
  class space    used 16139K, committed 16576K, reserved 1048576K
GC Heap History (20 events):
Event: 449.642 GC heap before
{Heap before GC invocations=92 (full 0):
 garbage-first heap   total 614400K, used 468245K [0x0000000700000000, 0x0000000800000000)
  region size 2048K, 180 young (368640K), 7 survivors (14336K)
 Metaspace       used 108718K, committed 109568K, reserved 1179648K
  class space    used 14658K, committed 15040K, reserved 1048576K
}
Event: 449.652 GC heap after
{Heap after GC invocations=93 (full 0):
 garbage-first heap   total 614400K, used 113963K [0x0000000700000000, 0x0000000800000000)
  region size 2048K, 7 young (14336K), 7 survivors (14336K)
 Metaspace       used 108718K, committed 109568K, reserved 1179648K
  class space    used 14658K, committed 15040K, reserved 1048576K
}
Event: 450.523 GC heap before
{Heap before GC invocations=93 (full 0):
 garbage-first heap   total 614400K, used 468267K [0x0000000700000000, 0x0000000800000000)
  region size 2048K, 180 young (368640K), 7 survivors (14336K)
 Metaspace       used 108718K, committed 109568K, reserved 1179648K
  class space    used 14658K, committed 15040K, reserved 1048576K
}
Event: 450.534 GC heap after
{Heap after GC invocations=94 (full 0):
 garbage-first heap   total 614400K, used 115643K [0x0000000700000000, 0x0000000800000000)
  region size 2048K, 8 young (16384K), 8 survivors (16384K)
 Metaspace       used 108718K, committed 109568K, reserved 1179648K
  class space    used 14658K, committed 15040K, reserved 1048576K
}
Event: 451.339 GC heap before
{Heap before GC invocations=94 (full 0):
 garbage-first heap   total 614400K, used 467899K [0x0000000700000000, 0x0000000800000000)
  region size 2048K, 180 young (368640K), 8 survivors (16384K)
 Metaspace       used 108718K, committed 109568K, reserved 1179648K
  class space    used 14658K, committed 15040K, reserved 1048576K
}
Event: 451.354 GC heap after
{Heap after GC invocations=95 (full 0):
 garbage-first heap   total 614400K, used 116898K [0x0000000700000000, 0x0000000800000000)
  region size 2048K, 8 young (16384K), 8 survivors (16384K)
 Metaspace       used 108718K, committed 109568K, reserved 1179648K
  class space    used 14658K, committed 15040K, reserved 1048576K
}
Event: 452.283 GC heap before
{Heap before GC invocations=95 (full 0):
 garbage-first heap   total 614400K, used 469154K [0x0000000700000000, 0x0000000800000000)
  region size 2048K, 180 young (368640K), 8 survivors (16384K)
 Metaspace       used 108718K, committed 109568K, reserved 1179648K
  class space    used 14658K, committed 15040K, reserved 1048576K
}
Event: 452.295 GC heap after
{Heap after GC invocations=96 (full 0):
 garbage-first heap   total 614400K, used 118962K [0x0000000700000000, 0x0000000800000000)
  region size 2048K, 7 young (14336K), 7 survivors (14336K)
 Metaspace       used 108718K, committed 109568K, reserved 1179648K
  class space    used 14658K, committed 15040K, reserved 1048576K
}
Event: 454.602 GC heap before
{Heap before GC invocations=96 (full 0):
 garbage-first heap   total 614400K, used 473266K [0x0000000700000000, 0x0000000800000000)
  region size 2048K, 180 young (368640K), 7 survivors (14336K)
 Metaspace       used 108718K, committed 109568K, reserved 1179648K
  class space    used 14658K, committed 15040K, reserved 1048576K
}
Event: 454.607 GC heap after
{Heap after GC invocations=97 (full 0):
 garbage-first heap   total 614400K, used 109084K [0x0000000700000000, 0x0000000800000000)
  region size 2048K, 2 young (4096K), 2 survivors (4096K)
 Metaspace       used 108718K, committed 109568K, reserved 1179648K
  class space    used 14658K, committed 15040K, reserved 1048576K
}
Event: 455.450 GC heap before
{Heap before GC invocations=97 (full 0):
 garbage-first heap   total 614400K, used 473628K [0x0000000700000000, 0x0000000800000000)
  region size 2048K, 180 young (368640K), 2 survivors (4096K)
 Metaspace       used 108720K, committed 109568K, reserved 1179648K
  class space    used 14658K, committed 15040K, reserved 1048576K
}
Event: 455.452 GC heap after
{Heap after GC invocations=98 (full 0):
 garbage-first heap   total 614400K, used 106872K [0x0000000700000000, 0x0000000800000000)
  region size 2048K, 1 young (2048K), 1 survivors (2048K)
 Metaspace       used 108720K, committed 109568K, reserved 1179648K
  class space    used 14658K, committed 15040K, reserved 1048576K
}
Event: 456.269 GC heap before
{Heap before GC invocations=98 (full 0):
 garbage-first heap   total 614400K, used 477560K [0x0000000700000000, 0x0000000800000000)
  region size 2048K, 180 young (368640K), 1 survivors (2048K)
 Metaspace       used 108723K, committed 109568K, reserved 1179648K
  class space    used 14658K, committed 15040K, reserved 1048576K
}
Event: 456.271 GC heap after
{Heap after GC invocations=99 (full 0):
 garbage-first heap   total 614400K, used 113956K [0x0000000700000000, 0x0000000800000000)
  region size 2048K, 2 young (4096K), 2 survivors (4096K)
 Metaspace       used 108723K, committed 109568K, reserved 1179648K
  class space    used 14658K, committed 15040K, reserved 1048576K
}
Event: 457.755 GC heap before
{Heap before GC invocations=99 (full 0):
 garbage-first heap   total 614400K, used 482596K [0x0000000700000000, 0x0000000800000000)
  region size 2048K, 180 young (368640K), 2 survivors (4096K)
 Metaspace       used 109410K, committed 110272K, reserved 1179648K
  class space    used 14726K, committed 15104K, reserved 1048576K
}
Event: 457.761 GC heap after
{Heap after GC invocations=100 (full 0):
 garbage-first heap   total 614400K, used 122339K [0x0000000700000000, 0x0000000800000000)
  region size 2048K, 5 young (10240K), 5 survivors (10240K)
 Metaspace       used 109410K, committed 110272K, reserved 1179648K
  class space    used 14726K, committed 15104K, reserved 1048576K
}
Event: 488.341 GC heap before
{Heap before GC invocations=100 (full 0):
 garbage-first heap   total 614400K, used 480739K [0x0000000700000000, 0x0000000800000000)
  region size 2048K, 180 young (368640K), 5 survivors (10240K)
 Metaspace       used 118629K, committed 119616K, reserved 1179648K
  class space    used 15964K, committed 16384K, reserved 1048576K
}
Event: 488.367 GC heap after
{Heap after GC invocations=101 (full 0):
 garbage-first heap   total 614400K, used 140632K [0x0000000700000000, 0x0000000800000000)
  region size 2048K, 14 young (28672K), 14 survivors (28672K)
 Metaspace       used 118629K, committed 119616K, reserved 1179648K
  class space    used 15964K, committed 16384K, reserved 1048576K
}
Event: 500.959 GC heap before
{Heap before GC invocations=101 (full 0):
 garbage-first heap   total 614400K, used 484696K [0x0000000700000000, 0x0000000800000000)
  region size 2048K, 180 young (368640K), 14 survivors (28672K)
 Metaspace       used 120431K, committed 121472K, reserved 1179648K
  class space    used 16138K, committed 16576K, reserved 1048576K
}
Event: 500.995 GC heap after
{Heap after GC invocations=102 (full 0):
 garbage-first heap   total 614400K, used 151294K [0x0000000700000000, 0x0000000800000000)
  region size 2048K, 15 young (30720K), 15 survivors (30720K)
 Metaspace       used 120431K, committed 121472K, reserved 1179648K
  class space    used 16138K, committed 16576K, reserved 1048576K
}

