# JRE version: OpenJDK Runtime Environment (17.0.9) (build 17.0.9+0--11185874)
# Java VM: OpenJDK 64-Bit Server VM (17.0.9+0--11185874, mixed mode, tiered, compressed oops, compressed class ptrs, g1 gc, windows-amd64)
GC Precious Log:
 CPUs: 4 total, 4 available
 Memory: 8075M
 Large Page Support: Disabled
 NUMA Support: Disabled
 Compressed Oops: Enabled (Zero based)
 Heap Region Size: 2M
 Heap Min Capacity: 8M
 Heap Initial Capacity: 128M
 Heap Max Capacity: 4G
 Pre-touch: Disabled
 Parallel Workers: 4
 Concurrent Workers: 1
 Concurrent Refinement Workers: 4
 Periodic GC: Disabled
Heap:
 garbage-first heap   total 499712K, used 152274K [0x0000000700000000, 0x0000000800000000)
  region size 2048K, 13 young (26624K), 10 survivors (20480K)
 Metaspace       used 132718K, committed 133696K, reserved 1179648K
  class space    used 17428K, committed 17856K, reserved 1048576K
GC Heap History (20 events):
Event: 134.985 GC heap before
{Heap before GC invocations=63 (full 0):
 garbage-first heap   total 208896K, used 164464K [0x0000000700000000, 0x0000000800000000)
  region size 2048K, 23 young (47104K), 1 survivors (2048K)
 Metaspace       used 104804K, committed 105664K, reserved 1179648K
  class space    used 14422K, committed 14784K, reserved 1048576K
}
Event: 134.991 GC heap after
{Heap after GC invocations=64 (full 0):
 garbage-first heap   total 208896K, used 125824K [0x0000000700000000, 0x0000000800000000)
  region size 2048K, 3 young (6144K), 3 survivors (6144K)
 Metaspace       used 104804K, committed 105664K, reserved 1179648K
  class space    used 14422K, committed 14784K, reserved 1048576K
}
Event: 135.432 GC heap before
{Heap before GC invocations=65 (full 0):
 garbage-first heap   total 253952K, used 166784K [0x0000000700000000, 0x0000000800000000)
  region size 2048K, 24 young (49152K), 3 survivors (6144K)
 Metaspace       used 105593K, committed 106496K, reserved 1179648K
  class space    used 14538K, committed 14912K, reserved 1048576K
}
Event: 135.439 GC heap after
{Heap after GC invocations=66 (full 0):
 garbage-first heap   total 253952K, used 125612K [0x0000000700000000, 0x0000000800000000)
  region size 2048K, 1 young (2048K), 1 survivors (2048K)
 Metaspace       used 105593K, committed 106496K, reserved 1179648K
  class space    used 14538K, committed 14912K, reserved 1048576K
}
Event: 135.495 GC heap before
{Heap before GC invocations=66 (full 0):
 garbage-first heap   total 253952K, used 135852K [0x0000000700000000, 0x0000000800000000)
  region size 2048K, 6 young (12288K), 1 survivors (2048K)
 Metaspace       used 105616K, committed 106496K, reserved 1179648K
  class space    used 14542K, committed 14912K, reserved 1048576K
}
Event: 135.498 GC heap after
{Heap after GC invocations=67 (full 0):
 garbage-first heap   total 253952K, used 125558K [0x0000000700000000, 0x0000000800000000)
  region size 2048K, 1 young (2048K), 1 survivors (2048K)
 Metaspace       used 105616K, committed 106496K, reserved 1179648K
  class space    used 14542K, committed 14912K, reserved 1048576K
}
Event: 136.125 GC heap before
{Heap before GC invocations=67 (full 0):
 garbage-first heap   total 253952K, used 201334K [0x0000000700000000, 0x0000000800000000)
  region size 2048K, 38 young (77824K), 1 survivors (2048K)
 Metaspace       used 107546K, committed 108416K, reserved 1179648K
  class space    used 14794K, committed 15168K, reserved 1048576K
}
Event: 136.127 GC heap after
{Heap after GC invocations=68 (full 0):
 garbage-first heap   total 253952K, used 125536K [0x0000000700000000, 0x0000000800000000)
  region size 2048K, 1 young (2048K), 1 survivors (2048K)
 Metaspace       used 107546K, committed 108416K, reserved 1179648K
  class space    used 14794K, committed 15168K, reserved 1048576K
}
Event: 136.775 GC heap before
{Heap before GC invocations=69 (full 0):
 garbage-first heap   total 286720K, used 211552K [0x0000000700000000, 0x0000000800000000)
  region size 2048K, 43 young (88064K), 1 survivors (2048K)
 Metaspace       used 108287K, committed 109184K, reserved 1179648K
  class space    used 14864K, committed 15296K, reserved 1048576K
}
Event: 136.778 GC heap after
{Heap after GC invocations=70 (full 0):
 garbage-first heap   total 286720K, used 128929K [0x0000000700000000, 0x0000000800000000)
  region size 2048K, 3 young (6144K), 3 survivors (6144K)
 Metaspace       used 108287K, committed 109184K, reserved 1179648K
  class space    used 14864K, committed 15296K, reserved 1048576K
}
Event: 136.840 GC heap before
{Heap before GC invocations=70 (full 0):
 garbage-first heap   total 286720K, used 137121K [0x0000000700000000, 0x0000000800000000)
  region size 2048K, 7 young (14336K), 3 survivors (6144K)
 Metaspace       used 108304K, committed 109248K, reserved 1179648K
  class space    used 14864K, committed 15296K, reserved 1048576K
}
Event: 136.849 GC heap after
{Heap after GC invocations=71 (full 0):
 garbage-first heap   total 499712K, used 127553K [0x0000000700000000, 0x0000000800000000)
  region size 2048K, 1 young (2048K), 1 survivors (2048K)
 Metaspace       used 108304K, committed 109248K, reserved 1179648K
  class space    used 14864K, committed 15296K, reserved 1048576K
}
Event: 171.594 GC heap before
{Heap before GC invocations=71 (full 0):
 garbage-first heap   total 499712K, used 404033K [0x0000000700000000, 0x0000000800000000)
  region size 2048K, 136 young (278528K), 1 survivors (2048K)
 Metaspace       used 119308K, committed 120256K, reserved 1179648K
  class space    used 15874K, committed 16320K, reserved 1048576K
}
Event: 171.603 GC heap after
{Heap after GC invocations=72 (full 0):
 garbage-first heap   total 499712K, used 134279K [0x0000000700000000, 0x0000000800000000)
  region size 2048K, 4 young (8192K), 4 survivors (8192K)
 Metaspace       used 119308K, committed 120256K, reserved 1179648K
  class space    used 15874K, committed 16320K, reserved 1048576K
}
Event: 173.620 GC heap before
{Heap before GC invocations=72 (full 0):
 garbage-first heap   total 499712K, used 418951K [0x0000000700000000, 0x0000000800000000)
  region size 2048K, 141 young (288768K), 4 survivors (8192K)
 Metaspace       used 120312K, committed 121280K, reserved 1179648K
  class space    used 15991K, committed 16448K, reserved 1048576K
}
Event: 173.628 GC heap after
{Heap after GC invocations=73 (full 0):
 garbage-first heap   total 499712K, used 139830K [0x0000000700000000, 0x0000000800000000)
  region size 2048K, 6 young (12288K), 6 survivors (12288K)
 Metaspace       used 120312K, committed 121280K, reserved 1179648K
  class space    used 15991K, committed 16448K, reserved 1048576K
}
Event: 182.722 GC heap before
{Heap before GC invocations=73 (full 0):
 garbage-first heap   total 499712K, used 422454K [0x0000000700000000, 0x0000000800000000)
  region size 2048K, 142 young (290816K), 6 survivors (12288K)
 Metaspace       used 122245K, committed 123200K, reserved 1179648K
  class space    used 16155K, committed 16576K, reserved 1048576K
}
Event: 182.740 GC heap after
{Heap after GC invocations=74 (full 0):
 garbage-first heap   total 499712K, used 145039K [0x0000000700000000, 0x0000000800000000)
  region size 2048K, 9 young (18432K), 9 survivors (18432K)
 Metaspace       used 122245K, committed 123200K, reserved 1179648K
  class space    used 16155K, committed 16576K, reserved 1048576K
}
Event: 184.795 GC heap before
{Heap before GC invocations=74 (full 0):
 garbage-first heap   total 499712K, used 421519K [0x0000000700000000, 0x0000000800000000)
  region size 2048K, 144 young (294912K), 9 survivors (18432K)
 Metaspace       used 122496K, committed 123520K, reserved 1179648K
  class space    used 16177K, committed 16640K, reserved 1048576K
}
Event: 184.818 GC heap after
{Heap after GC invocations=75 (full 0):
 garbage-first heap   total 499712K, used 144650K [0x0000000700000000, 0x0000000800000000)
  region size 2048K, 8 young (16384K), 8 survivors (16384K)
 Metaspace       used 122496K, committed 123520K, reserved 1179648K
  class space    used 16177K, committed 16640K, reserved 1048576K
}

