# JRE version: OpenJDK Runtime Environment (17.0.9) (build 17.0.9+0--11185874)
# Java VM: OpenJDK 64-Bit Server VM (17.0.9+0--11185874, mixed mode, tiered, compressed oops, compressed class ptrs, g1 gc, windows-amd64)
GC Precious Log:
 CPUs: 4 total, 4 available
 Memory: 8075M
 Large Page Support: Disabled
 NUMA Support: Disabled
 Compressed Oops: Enabled (Zero based)
 Heap Region Size: 2M
 Heap Min Capacity: 8M
 Heap Initial Capacity: 128M
 Heap Max Capacity: 4G
 Pre-touch: Disabled
 Parallel Workers: 4
 Concurrent Workers: 1
 Concurrent Refinement Workers: 4
 Periodic GC: Disabled
Heap:
 garbage-first heap   total 839680K, used 290728K [0x0000000700000000, 0x0000000800000000)
  region size 2048K, 18 young (36864K), 18 survivors (36864K)
 Metaspace       used 159354K, committed 160768K, reserved 1245184K
  class space    used 21514K, committed 22144K, reserved 1048576K
GC Heap History (20 events):
Event: 72.622 GC heap after
{Heap after GC invocations=63 (full 0):
 garbage-first heap   total 696320K, used 305553K [0x0000000700000000, 0x0000000800000000)
  region size 2048K, 10 young (20480K), 10 survivors (20480K)
 Metaspace       used 129441K, committed 130496K, reserved 1179648K
  class space    used 17680K, committed 18112K, reserved 1048576K
}
Event: 75.430 GC heap before
{Heap before GC invocations=63 (full 0):
 garbage-first heap   total 696320K, used 438673K [0x0000000700000000, 0x0000000800000000)
  region size 2048K, 52 young (106496K), 10 survivors (20480K)
 Metaspace       used 136215K, committed 137280K, reserved 1179648K
  class space    used 18535K, committed 19008K, reserved 1048576K
}
Event: 75.448 GC heap after
{Heap after GC invocations=64 (full 0):
 garbage-first heap   total 696320K, used 303361K [0x0000000700000000, 0x0000000800000000)
  region size 2048K, 10 young (20480K), 10 survivors (20480K)
 Metaspace       used 136215K, committed 137280K, reserved 1179648K
  class space    used 18535K, committed 19008K, reserved 1048576K
}
Event: 76.543 GC heap before
{Heap before GC invocations=64 (full 0):
 garbage-first heap   total 696320K, used 428289K [0x0000000700000000, 0x0000000800000000)
  region size 2048K, 50 young (102400K), 10 survivors (20480K)
 Metaspace       used 137692K, committed 138752K, reserved 1179648K
  class space    used 18700K, committed 19136K, reserved 1048576K
}
Event: 76.562 GC heap after
{Heap after GC invocations=65 (full 0):
 garbage-first heap   total 696320K, used 311599K [0x0000000700000000, 0x0000000800000000)
  region size 2048K, 11 young (22528K), 11 survivors (22528K)
 Metaspace       used 137692K, committed 138752K, reserved 1179648K
  class space    used 18700K, committed 19136K, reserved 1048576K
}
Event: 76.614 GC heap before
{Heap before GC invocations=65 (full 0):
 garbage-first heap   total 696320K, used 356655K [0x0000000700000000, 0x0000000800000000)
  region size 2048K, 13 young (26624K), 11 survivors (22528K)
 Metaspace       used 137692K, committed 138752K, reserved 1179648K
  class space    used 18700K, committed 19136K, reserved 1048576K
}
Event: 76.632 GC heap after
{Heap after GC invocations=66 (full 0):
 garbage-first heap   total 696320K, used 311384K [0x0000000700000000, 0x0000000800000000)
  region size 2048K, 8 young (16384K), 8 survivors (16384K)
 Metaspace       used 137692K, committed 138752K, reserved 1179648K
  class space    used 18700K, committed 19136K, reserved 1048576K
}
Event: 77.604 GC heap before
{Heap before GC invocations=66 (full 0):
 garbage-first heap   total 696320K, used 401496K [0x0000000700000000, 0x0000000800000000)
  region size 2048K, 18 young (36864K), 8 survivors (16384K)
 Metaspace       used 138141K, committed 139200K, reserved 1179648K
  class space    used 18749K, committed 19200K, reserved 1048576K
}
Event: 77.617 GC heap after
{Heap after GC invocations=67 (full 0):
 garbage-first heap   total 696320K, used 312297K [0x0000000700000000, 0x0000000800000000)
  region size 2048K, 10 young (20480K), 10 survivors (20480K)
 Metaspace       used 138141K, committed 139200K, reserved 1179648K
  class space    used 18749K, committed 19200K, reserved 1048576K
}
Event: 856.489 GC heap before
{Heap before GC invocations=68 (full 0):
 garbage-first heap   total 696320K, used 627689K [0x0000000700000000, 0x0000000800000000)
  region size 2048K, 129 young (264192K), 10 survivors (20480K)
 Metaspace       used 145254K, committed 146432K, reserved 1179648K
  class space    used 19691K, committed 20224K, reserved 1048576K
}
Event: 856.584 GC heap after
{Heap after GC invocations=69 (full 0):
 garbage-first heap   total 696320K, used 313055K [0x0000000700000000, 0x0000000800000000)
  region size 2048K, 16 young (32768K), 16 survivors (32768K)
 Metaspace       used 145254K, committed 146432K, reserved 1179648K
  class space    used 19691K, committed 20224K, reserved 1048576K
}
Event: 856.613 GC heap before
{Heap before GC invocations=69 (full 0):
 garbage-first heap   total 696320K, used 315103K [0x0000000700000000, 0x0000000800000000)
  region size 2048K, 17 young (34816K), 16 survivors (32768K)
 Metaspace       used 145254K, committed 146432K, reserved 1179648K
  class space    used 19691K, committed 20224K, reserved 1048576K
}
Event: 856.677 GC heap after
{Heap after GC invocations=70 (full 0):
 garbage-first heap   total 696320K, used 269000K [0x0000000700000000, 0x0000000800000000)
  region size 2048K, 2 young (4096K), 2 survivors (4096K)
 Metaspace       used 145254K, committed 146432K, reserved 1179648K
  class space    used 19691K, committed 20224K, reserved 1048576K
}
Event: 873.099 GC heap before
{Heap before GC invocations=70 (full 0):
 garbage-first heap   total 696320K, used 475848K [0x0000000700000000, 0x0000000800000000)
  region size 2048K, 105 young (215040K), 2 survivors (4096K)
 Metaspace       used 158159K, committed 159488K, reserved 1245184K
  class space    used 21352K, committed 21952K, reserved 1048576K
}
Event: 873.128 GC heap after
{Heap after GC invocations=71 (full 0):
 garbage-first heap   total 696320K, used 289537K [0x0000000700000000, 0x0000000800000000)
  region size 2048K, 12 young (24576K), 12 survivors (24576K)
 Metaspace       used 158159K, committed 159488K, reserved 1245184K
  class space    used 21352K, committed 21952K, reserved 1048576K
}
Event: 875.491 GC heap before
{Heap before GC invocations=72 (full 0):
 garbage-first heap   total 696320K, used 500481K [0x0000000700000000, 0x0000000800000000)
  region size 2048K, 138 young (282624K), 12 survivors (24576K)
 Metaspace       used 159354K, committed 160768K, reserved 1245184K
  class space    used 21514K, committed 22144K, reserved 1048576K
}
Event: 875.607 GC heap after
{Heap after GC invocations=73 (full 0):
 garbage-first heap   total 696320K, used 291256K [0x0000000700000000, 0x0000000800000000)
  region size 2048K, 18 young (36864K), 18 survivors (36864K)
 Metaspace       used 159354K, committed 160768K, reserved 1245184K
  class space    used 21514K, committed 22144K, reserved 1048576K
}
Event: 875.627 GC heap before
{Heap before GC invocations=73 (full 0):
 garbage-first heap   total 696320K, used 293304K [0x0000000700000000, 0x0000000800000000)
  region size 2048K, 19 young (38912K), 18 survivors (36864K)
 Metaspace       used 159354K, committed 160768K, reserved 1245184K
  class space    used 21514K, committed 22144K, reserved 1048576K
}
Event: 875.693 GC heap after
{Heap after GC invocations=74 (full 0):
 garbage-first heap   total 696320K, used 242600K [0x0000000700000000, 0x0000000800000000)
  region size 2048K, 2 young (4096K), 2 survivors (4096K)
 Metaspace       used 159354K, committed 160768K, reserved 1245184K
  class space    used 21514K, committed 22144K, reserved 1048576K
}
Event: 877.028 GC heap before
{Heap before GC invocations=74 (full 0):
 garbage-first heap   total 696320K, used 469928K [0x0000000700000000, 0x0000000800000000)
  region size 2048K, 115 young (235520K), 2 survivors (4096K)
 Metaspace       used 159354K, committed 160768K, reserved 1245184K
  class space    used 21514K, committed 22144K, reserved 1048576K
}

